<?xml version="1.0" encoding="UTF-8"?>
<!-- Generated by org.testng.reporters.JUnitReportReporter -->
<testsuite hostname="SAM-LAPTOP-VQC4550F" failures="0" tests="1" name="DemoPKG.SumValidation" time="2.010" errors="0" timestamp="2022-03-07T11:44:08 IST" skipped="0">
  <testcase classname="DemoPKG.SumValidation" name="courseSumValidation" time="2.010"/>
  <system-out/>
</testsuite> <!-- DemoPKG.SumValidation -->
